<?xml version="1.0" encoding="UTF-8"?>
<testng-results ignored="0" total="3" passed="3" failed="0" skipped="0">
  <reporter-output>
  </reporter-output>
  <suite started-at="2024-01-06T01:12:52 IST" name="Default suite" finished-at="2024-01-06T01:13:54 IST" duration-ms="62566">
    <groups>
      <group name="cucumber">
        <method signature="AbstractTestNGCucumberTests.runScenario(io.cucumber.testng.PickleWrapper,io.cucumber.testng.FeatureWrapper)[pri:0, instance:myTestRunner.TestRunner@54422e18]" name="runScenario" class="io.cucumber.testng.AbstractTestNGCucumberTests"/>
      </group> <!-- cucumber -->
    </groups>
    <test started-at="2024-01-06T01:12:52 IST" name="Default test" finished-at="2024-01-06T01:13:54 IST" duration-ms="62566">
      <class name="myTestRunner.TestRunner">
        <test-method is-config="true" signature="setUpClass(org.testng.ITestContext)[pri:0, instance:myTestRunner.TestRunner@54422e18]" started-at="2024-01-06T01:12:52 IST" name="setUpClass" finished-at="2024-01-06T01:12:52 IST" duration-ms="865" status="PASS">
          <params>
            <param index="0">
              <value>
                <![CDATA[org.testng.TestRunner@27f71195]]>
              </value>
            </param>
          </params>
          <reporter-output>
          </reporter-output>
        </test-method> <!-- setUpClass -->
        <test-method signature="runScenario(io.cucumber.testng.PickleWrapper,io.cucumber.testng.FeatureWrapper)[pri:0, instance:myTestRunner.TestRunner@54422e18]" started-at="2024-01-06T01:12:52 IST" name="runScenario" description="Runs Cucumber Scenarios" data-provider="scenarios" finished-at="2024-01-06T01:13:20 IST" duration-ms="27538" status="PASS">
          <params>
            <param index="0">
              <value>
                <![CDATA["Add new Customer"]]>
              </value>
            </param>
            <param index="1">
              <value>
                <![CDATA["Customers"]]>
              </value>
            </param>
          </params>
          <reporter-output>
          </reporter-output>
        </test-method> <!-- runScenario -->
        <test-method signature="runScenario(io.cucumber.testng.PickleWrapper,io.cucumber.testng.FeatureWrapper)[pri:0, instance:myTestRunner.TestRunner@54422e18]" started-at="2024-01-06T01:13:20 IST" name="runScenario" description="Runs Cucumber Scenarios" data-provider="scenarios" finished-at="2024-01-06T01:13:36 IST" duration-ms="16233" status="PASS">
          <params>
            <param index="0">
              <value>
                <![CDATA["Search Customer by EMailID"]]>
              </value>
            </param>
            <param index="1">
              <value>
                <![CDATA["Customers"]]>
              </value>
            </param>
          </params>
          <reporter-output>
          </reporter-output>
        </test-method> <!-- runScenario -->
        <test-method signature="runScenario(io.cucumber.testng.PickleWrapper,io.cucumber.testng.FeatureWrapper)[pri:0, instance:myTestRunner.TestRunner@54422e18]" started-at="2024-01-06T01:13:36 IST" name="runScenario" description="Runs Cucumber Scenarios" data-provider="scenarios" finished-at="2024-01-06T01:13:52 IST" duration-ms="16141" status="PASS">
          <params>
            <param index="0">
              <value>
                <![CDATA["Search Customer by Name"]]>
              </value>
            </param>
            <param index="1">
              <value>
                <![CDATA["Customers"]]>
              </value>
            </param>
          </params>
          <reporter-output>
          </reporter-output>
        </test-method> <!-- runScenario -->
        <test-method is-config="true" signature="tearDownClass()[pri:0, instance:myTestRunner.TestRunner@54422e18]" started-at="2024-01-06T01:13:52 IST" name="tearDownClass" finished-at="2024-01-06T01:13:54 IST" duration-ms="1747" status="PASS">
          <reporter-output>
          </reporter-output>
        </test-method> <!-- tearDownClass -->
      </class> <!-- myTestRunner.TestRunner -->
    </test> <!-- Default test -->
  </suite> <!-- Default suite -->
</testng-results>
